{"target": 0.9915254237288136, "params": {"colsample_bytree": 0.7085110023512871, "eta": 0.36295900178665746, "gamma": 0.010056043660498995, "max_depth": 6.744318880004956, "subsample": 0.5733779454085566}, "datetime": {"datetime": "2025-06-20 14:11:09", "elapsed": 0.0, "delta": 0.0}}
{"target": 0.9872881355932204, "params": {"colsample_bytree": 0.5461692973843989, "eta": 0.10126750357505873, "gamma": 0.1793247562510934, "max_depth": 8.53858201038273, "subsample": 0.7694083670016785}, "datetime": {"datetime": "2025-06-20 14:11:10", "elapsed": 0.548169, "delta": 0.548169}}
{"target": 0.9872881355932204, "params": {"colsample_bytree": 0.7095972572016473, "eta": 0.34575755519441215, "gamma": 0.11018160236844353, "max_depth": 17.684231291427963, "subsample": 0.5136937965989631}, "datetime": {"datetime": "2025-06-20 14:11:10", "elapsed": 0.904493, "delta": 0.356324}}
{"target": 0.9872881355932204, "params": {"colsample_bytree": 0.8352337550892011, "eta": 0.21447935315989222, "gamma": 0.2837580159384183, "max_depth": 3.6673518333094415, "subsample": 0.5990507445424393}, "datetime": {"datetime": "2025-06-20 14:11:10", "elapsed": 1.195052, "delta": 0.290559}}
{"target": 0.9872881355932204, "params": {"colsample_bytree": 0.9003722843377684, "eta": 0.4844481721025048, "gamma": 0.163577847298029, "max_depth": 14.154129697716968, "subsample": 0.9381945761480192}, "datetime": {"datetime": "2025-06-20 14:11:11", "elapsed": 1.493784, "delta": 0.298732}}
{"target": 0.9872881355932204, "params": {"colsample_bytree": 0.9473033317519237, "eta": 0.05167166357119118, "gamma": 0.029136843784112354, "max_depth": 4.2267779717268095, "subsample": 0.9390712517147066}, "datetime": {"datetime": "2025-06-20 14:11:11", "elapsed": 2.049691, "delta": 0.555907}}
{"target": 0.9872881355932204, "params": {"colsample_bytree": 0.549173416916525, "eta": 0.21634273625247558, "gamma": 0.47936586977374596, "max_depth": 11.130140414487325, "subsample": 0.8459385569752367}, "datetime": {"datetime": "2025-06-20 14:11:11", "elapsed": 2.350514, "delta": 0.300823}}
{"target": 0.9830508474576272, "params": {"colsample_bytree": 0.6577578155030315, "eta": 0.346385454563976, "gamma": 0.41896657922971275, "max_depth": 1.3474772695396444, "subsample": 0.8750721574724838}, "datetime": {"datetime": "2025-06-20 14:11:12", "elapsed": 2.600042, "delta": 0.249528}}
{"target": 0.9872881355932204, "params": {"colsample_bytree": 0.9944305444532473, "eta": 0.3766011706461213, "gamma": 0.14741755611155855, "max_depth": 15.996307240578282, "subsample": 0.551613003288821}, "datetime": {"datetime": "2025-06-20 14:11:12", "elapsed": 2.865301, "delta": 0.265259}}
{"target": 0.9830508474576272, "params": {"colsample_bytree": 0.7239467630879526, "eta": 0.45521179651561683, "gamma": 0.15387093270310295, "max_depth": 6.467731433140626, "subsample": 0.5650142860591388}, "datetime": {"datetime": "2025-06-20 14:11:12", "elapsed": 3.116014, "delta": 0.250713}}
{"target": 0.9872881355932204, "params": {"colsample_bytree": 0.6149502890793301, "eta": 0.03877270730518161, "gamma": 0.40671289761486273, "max_depth": 19.99031450782424, "subsample": 0.804555323407181}, "datetime": {"datetime": "2025-06-20 14:11:13", "elapsed": 3.803848, "delta": 0.687834}}
{"target": 0.9830508474576272, "params": {"colsample_bytree": 0.5430227730502462, "eta": 0.03669841792232321, "gamma": 0.01909135677471107, "max_depth": 19.40054290779991, "subsample": 0.5168898654605185}, "datetime": {"datetime": "2025-06-20 14:11:14", "elapsed": 4.490184, "delta": 0.686336}}
{"target": 0.9872881355932204, "params": {"colsample_bytree": 0.8421455366488357, "eta": 0.06256039354949812, "gamma": 0.3456509436881154, "max_depth": 19.97628631515928, "subsample": 0.9586437328499846}, "datetime": {"datetime": "2025-06-20 14:11:14", "elapsed": 5.139243, "delta": 0.649059}}
{"target": 0.9872881355932204, "params": {"colsample_bytree": 0.6222178212169482, "eta": 0.49383626399046643, "gamma": 0.4301225171420517, "max_depth": 19.954580587744132, "subsample": 0.9153043845721619}, "datetime": {"datetime": "2025-06-20 14:11:15", "elapsed": 5.551534, "delta": 0.412291}}
{"target": 0.9788135593220338, "params": {"colsample_bytree": 0.8538188430272431, "eta": 0.34604368581577344, "gamma": 0.10454244191326816, "max_depth": 19.95641669497303, "subsample": 0.516150917884608}, "datetime": {"datetime": "2025-06-20 14:11:15", "elapsed": 5.982276, "delta": 0.430742}}
{"target": 0.961864406779661, "params": {"colsample_bytree": 0.5, "eta": 0.010000032039089344, "gamma": 0.01, "max_depth": 1.0000002117148952, "subsample": 0.5000000098524178}, "datetime": {"datetime": "2025-06-20 14:11:15", "elapsed": 6.39366, "delta": 0.411384}}
{"target": 0.9830508474576272, "params": {"colsample_bytree": 0.9450727948204525, "eta": 0.48805901152846015, "gamma": 0.03523049032760212, "max_depth": 10.221532891741454, "subsample": 0.5920042997229578}, "datetime": {"datetime": "2025-06-20 14:11:16", "elapsed": 6.806367, "delta": 0.412707}}
{"target": 0.9872881355932204, "params": {"colsample_bytree": 0.5071086853648574, "eta": 0.45143903749240716, "gamma": 0.09147593460146333, "max_depth": 4.031331555899584, "subsample": 0.906672783251298}, "datetime": {"datetime": "2025-06-20 14:11:16", "elapsed": 7.186621, "delta": 0.380254}}
{"target": 0.9830508474576272, "params": {"colsample_bytree": 0.5049053665294749, "eta": 0.025188812517118804, "gamma": 0.14667794387423297, "max_depth": 13.90640375958148, "subsample": 0.504837995177082}, "datetime": {"datetime": "2025-06-20 14:11:17", "elapsed": 7.790914, "delta": 0.604293}}
{"target": 0.9915254237288136, "params": {"colsample_bytree": 0.9834483677242762, "eta": 0.48509921814414253, "gamma": 0.07527940349647601, "max_depth": 1.327164836453464, "subsample": 0.7056196044561942}, "datetime": {"datetime": "2025-06-20 14:11:17", "elapsed": 8.198281, "delta": 0.407367}}
{"target": 0.9830508474576272, "params": {"colsample_bytree": 0.9934333956645361, "eta": 0.02366716091599095, "gamma": 0.08053654157945081, "max_depth": 11.972586005963937, "subsample": 0.9858602548584787}, "datetime": {"datetime": "2025-06-20 14:11:18", "elapsed": 8.968829, "delta": 0.770548}}
{"target": 0.9872881355932204, "params": {"colsample_bytree": 0.520324762964756, "eta": 0.1267613985090312, "gamma": 0.4152265418437828, "max_depth": 16.230795797516294, "subsample": 0.9780718996823082}, "datetime": {"datetime": "2025-06-20 14:11:19", "elapsed": 9.550616, "delta": 0.581787}}
{"target": 0.9872881355932204, "params": {"colsample_bytree": 0.5147564301340841, "eta": 0.3472060415318002, "gamma": 0.01365755059467543, "max_depth": 11.814679615983424, "subsample": 0.9378885044282895}, "datetime": {"datetime": "2025-06-20 14:11:19", "elapsed": 10.035139, "delta": 0.484523}}
{"target": 0.9872881355932204, "params": {"colsample_bytree": 0.9924990265175059, "eta": 0.21634242067285625, "gamma": 0.4935108542536469, "max_depth": 18.562464072681944, "subsample": 0.9127106557760947}, "datetime": {"datetime": "2025-06-20 14:11:20", "elapsed": 10.519773, "delta": 0.484634}}
{"target": 0.9872881355932204, "params": {"colsample_bytree": 0.9950458373076608, "eta": 0.42841081574257994, "gamma": 0.016824485756194003, "max_depth": 2.5594046633014864, "subsample": 0.9970779619475346}, "datetime": {"datetime": "2025-06-20 14:11:20", "elapsed": 11.014596, "delta": 0.494823}}
{"target": 0.9788135593220338, "params": {"colsample_bytree": 0.5, "eta": 0.01, "gamma": 0.010000029543199875, "max_depth": 6.9956929625282696, "subsample": 0.5}, "datetime": {"datetime": "2025-06-20 14:11:21", "elapsed": 11.672399, "delta": 0.657803}}
{"target": 0.9872881355932204, "params": {"colsample_bytree": 0.9788773720638607, "eta": 0.4531254003430542, "gamma": 0.013150439441470253, "max_depth": 7.736758217452984, "subsample": 0.9650918209940993}, "datetime": {"datetime": "2025-06-20 14:11:21", "elapsed": 12.119757, "delta": 0.447358}}
{"target": 0.9830508474576272, "params": {"colsample_bytree": 0.9757183785873339, "eta": 0.25389662268352314, "gamma": 0.4891320977768352, "max_depth": 1.0804366425330012, "subsample": 0.5394773612100614}, "datetime": {"datetime": "2025-06-20 14:11:22", "elapsed": 12.589638, "delta": 0.469881}}
{"target": 0.9872881355932204, "params": {"colsample_bytree": 0.9615714811358667, "eta": 0.4247472807775279, "gamma": 0.02127136034716466, "max_depth": 4.663559520828475, "subsample": 0.5162588062370124}, "datetime": {"datetime": "2025-06-20 14:11:22", "elapsed": 13.045037, "delta": 0.455399}}
{"target": 0.9872881355932204, "params": {"colsample_bytree": 0.5107102247270936, "eta": 0.47959871420653505, "gamma": 0.14372061574566025, "max_depth": 9.530544867193395, "subsample": 0.9812185909433921}, "datetime": {"datetime": "2025-06-20 14:11:22", "elapsed": 13.460624, "delta": 0.415587}}
{"target": 0.9872881355932204, "params": {"colsample_bytree": 0.7320689845413204, "eta": 0.43124095436905996, "gamma": 0.4661730762868885, "max_depth": 12.877206073895769, "subsample": 0.5015170217258187}, "datetime": {"datetime": "2025-06-20 14:11:23", "elapsed": 13.935799, "delta": 0.475175}}
{"target": 0.9872881355932204, "params": {"colsample_bytree": 0.8992657201253293, "eta": 0.42102006163913736, "gamma": 0.03566849126949747, "max_depth": 17.620180835714876, "subsample": 0.9922833177900461}, "datetime": {"datetime": "2025-06-20 14:11:24", "elapsed": 14.491333, "delta": 0.555534}}
{"target": 0.9872881355932204, "params": {"colsample_bytree": 0.9281643760220993, "eta": 0.4220318374959783, "gamma": 0.4917731306685898, "max_depth": 4.518763065116707, "subsample": 0.957695792049257}, "datetime": {"datetime": "2025-06-20 14:11:24", "elapsed": 14.967612, "delta": 0.476279}}
{"target": 0.9788135593220338, "params": {"colsample_bytree": 0.916464139766997, "eta": 0.49511785714603246, "gamma": 0.4481884086639375, "max_depth": 2.054286999866931, "subsample": 0.57526143872668}, "datetime": {"datetime": "2025-06-20 14:11:24", "elapsed": 15.437434, "delta": 0.469822}}
{"target": 0.9872881355932204, "params": {"colsample_bytree": 0.572209636034815, "eta": 0.4849811282978175, "gamma": 0.0546720349807168, "max_depth": 8.335605442248191, "subsample": 0.5069427029459177}, "datetime": {"datetime": "2025-06-20 14:11:25", "elapsed": 15.982613, "delta": 0.545179}}
{"target": 0.9872881355932204, "params": {"colsample_bytree": 0.988185572989865, "eta": 0.46119532824697074, "gamma": 0.3194681812785214, "max_depth": 1.0493570283008458, "subsample": 0.9718574610653155}, "datetime": {"datetime": "2025-06-20 14:11:25", "elapsed": 16.465299, "delta": 0.482686}}
{"target": 0.9830508474576272, "params": {"colsample_bytree": 0.5951518722727898, "eta": 0.46907803043606106, "gamma": 0.4702183218327174, "max_depth": 15.813751671567278, "subsample": 0.5152755129176604}, "datetime": {"datetime": "2025-06-20 14:11:26", "elapsed": 16.856638, "delta": 0.391339}}
{"target": 0.9788135593220338, "params": {"colsample_bytree": 0.5463308492559981, "eta": 0.01356306370753856, "gamma": 0.02568950000520405, "max_depth": 10.357517127173779, "subsample": 0.5414786402412655}, "datetime": {"datetime": "2025-06-20 14:11:27", "elapsed": 17.548778, "delta": 0.69214}}
{"target": 0.9872881355932204, "params": {"colsample_bytree": 0.5482845009954107, "eta": 0.09112019837684146, "gamma": 0.49706232443447934, "max_depth": 12.906882834556722, "subsample": 0.948572847399109}, "datetime": {"datetime": "2025-06-20 14:11:27", "elapsed": 18.091061, "delta": 0.542283}}
{"target": 0.9830508474576272, "params": {"colsample_bytree": 0.9298545924492577, "eta": 0.027939523465103526, "gamma": 0.49468810311254696, "max_depth": 14.822095670075928, "subsample": 0.82936830492958}, "datetime": {"datetime": "2025-06-20 14:11:28", "elapsed": 18.812028, "delta": 0.720967}}
{"target": 0.9830508474576272, "params": {"colsample_bytree": 0.511384434347375, "eta": 0.03270150627994365, "gamma": 0.12508446656404154, "max_depth": 18.263894055334568, "subsample": 0.9483531839096683}, "datetime": {"datetime": "2025-06-20 14:11:29", "elapsed": 19.577895, "delta": 0.765867}}
{"target": 0.9872881355932204, "params": {"colsample_bytree": 0.619484102401375, "eta": 0.4055921778275382, "gamma": 0.010842566388154302, "max_depth": 7.057311212127952, "subsample": 0.9841199152094465}, "datetime": {"datetime": "2025-06-20 14:11:29", "elapsed": 20.088832, "delta": 0.510937}}
{"target": 0.9830508474576272, "params": {"colsample_bytree": 0.9651065265632528, "eta": 0.014656464384854913, "gamma": 0.4474327713038421, "max_depth": 17.16322392554772, "subsample": 0.5897938766244135}, "datetime": {"datetime": "2025-06-20 14:11:30", "elapsed": 20.897604, "delta": 0.808772}}
{"target": 0.9872881355932204, "params": {"colsample_bytree": 0.9783596396385326, "eta": 0.054592573794276275, "gamma": 0.49940186717705354, "max_depth": 9.343756894055135, "subsample": 0.9818076170019623}, "datetime": {"datetime": "2025-06-20 14:11:31", "elapsed": 21.659501, "delta": 0.761897}}
{"target": 0.9872881355932204, "params": {"colsample_bytree": 0.6053038350261696, "eta": 0.4822144050767422, "gamma": 0.022960743918903757, "max_depth": 15.449808659179032, "subsample": 0.8851850237909019}, "datetime": {"datetime": "2025-06-20 14:11:31", "elapsed": 22.143392, "delta": 0.483891}}
{"target": 0.9745762711864406, "params": {"colsample_bytree": 0.9997478408530468, "eta": 0.049462935741854, "gamma": 0.024689854598762905, "max_depth": 1.4500429725508828, "subsample": 0.9462692126208911}, "datetime": {"datetime": "2025-06-20 14:11:32", "elapsed": 22.622651, "delta": 0.479259}}
{"target": 0.9872881355932204, "params": {"colsample_bytree": 0.9700396892591606, "eta": 0.46150320472064943, "gamma": 0.12528025137584003, "max_depth": 3.8972483535943026, "subsample": 0.8670121481701862}, "datetime": {"datetime": "2025-06-20 14:11:32", "elapsed": 23.138981, "delta": 0.51633}}
{"target": 0.9872881355932204, "params": {"colsample_bytree": 0.5303784218999272, "eta": 0.43477687767397466, "gamma": 0.49702543436471064, "max_depth": 17.13281475522766, "subsample": 0.9349522233110712}, "datetime": {"datetime": "2025-06-20 14:11:33", "elapsed": 23.603933, "delta": 0.464952}}
{"target": 0.9872881355932204, "params": {"colsample_bytree": 0.5172341736809641, "eta": 0.43838917420763507, "gamma": 0.4996006604008729, "max_depth": 8.768980965779422, "subsample": 0.9609257607050541}, "datetime": {"datetime": "2025-06-20 14:11:33", "elapsed": 24.039889, "delta": 0.435956}}
{"target": 0.9872881355932204, "params": {"colsample_bytree": 0.5529029394180056, "eta": 0.4716153991160151, "gamma": 0.4949349189259798, "max_depth": 12.515527096677982, "subsample": 0.9652652459786977}, "datetime": {"datetime": "2025-06-20 14:11:34", "elapsed": 24.496054, "delta": 0.456165}}
{"target": 0.9830508474576272, "params": {"colsample_bytree": 0.9937966969348204, "eta": 0.027660182879192155, "gamma": 0.014975620909428515, "max_depth": 6.28905939303836, "subsample": 0.954574530810434}, "datetime": {"datetime": "2025-06-20 14:11:34", "elapsed": 25.377452, "delta": 0.881398}}
{"target": 0.9830508474576272, "params": {"colsample_bytree": 0.6144442457317818, "eta": 0.017084809933139766, "gamma": 0.4939730182894764, "max_depth": 4.418036578615078, "subsample": 0.9787791256044593}, "datetime": {"datetime": "2025-06-20 14:11:35", "elapsed": 26.078293, "delta": 0.700841}}
{"target": 0.9872881355932204, "params": {"colsample_bytree": 0.5048112939329377, "eta": 0.47783529707149736, "gamma": 0.020786618979560266, "max_depth": 19.921157626952628, "subsample": 0.9946195422563195}, "datetime": {"datetime": "2025-06-20 14:11:36", "elapsed": 26.565316, "delta": 0.487023}}
{"target": 0.9830508474576272, "params": {"colsample_bytree": 0.9945803557103596, "eta": 0.486462504910815, "gamma": 0.04711513703107065, "max_depth": 13.299300063477327, "subsample": 0.5053889477155173}, "datetime": {"datetime": "2025-06-20 14:11:36", "elapsed": 27.062498, "delta": 0.497182}}
{"target": 0.9872881355932204, "params": {"colsample_bytree": 0.9569127835407643, "eta": 0.13899902420312213, "gamma": 0.4944885865732456, "max_depth": 8.004342665381166, "subsample": 0.5177681637746323}, "datetime": {"datetime": "2025-06-20 14:11:37", "elapsed": 27.611186, "delta": 0.548688}}
{"target": 0.9872881355932204, "params": {"colsample_bytree": 0.9955462477904262, "eta": 0.47572864722311936, "gamma": 0.4071587863515445, "max_depth": 15.913447639965588, "subsample": 0.9681196044973343}, "datetime": {"datetime": "2025-06-20 14:11:37", "elapsed": 28.097138, "delta": 0.485952}}
{"target": 0.9872881355932204, "params": {"colsample_bytree": 0.5273216589146403, "eta": 0.4954080460096517, "gamma": 0.49444030874407735, "max_depth": 18.872935172975556, "subsample": 0.985691773401103}, "datetime": {"datetime": "2025-06-20 14:11:38", "elapsed": 28.601875, "delta": 0.504737}}
{"target": 0.9872881355932204, "params": {"colsample_bytree": 0.5559649088170096, "eta": 0.4780729782942633, "gamma": 0.05508112486099423, "max_depth": 16.584125044815558, "subsample": 0.9901562923491111}, "datetime": {"datetime": "2025-06-20 14:11:38", "elapsed": 29.060276, "delta": 0.458401}}
{"target": 0.9788135593220338, "params": {"colsample_bytree": 0.976586646682618, "eta": 0.340506289721918, "gamma": 0.017610777368893688, "max_depth": 6.952718874530378, "subsample": 0.5011613722357462}, "datetime": {"datetime": "2025-06-20 14:11:39", "elapsed": 29.617779, "delta": 0.557503}}
{"target": 0.9872881355932204, "params": {"colsample_bytree": 0.5182754470698878, "eta": 0.3872830096029841, "gamma": 0.025925606306846302, "max_depth": 5.145595590051458, "subsample": 0.8912827105448624}, "datetime": {"datetime": "2025-06-20 14:11:39", "elapsed": 30.092492, "delta": 0.474713}}
