{"target": 0.9194915254237288, "params": {"n_neighbors": 8.923418089348907}, "datetime": {"datetime": "2025-06-15 20:22:44", "elapsed": 0.0, "delta": 0.0}}
{"target": 0.902542372881356, "params": {"n_neighbors": 14.686165375401004}, "datetime": {"datetime": "2025-06-15 20:22:44", "elapsed": 0.02401, "delta": 0.02401}}
{"target": 0.9491525423728814, "params": {"n_neighbors": 1.0021731215295528}, "datetime": {"datetime": "2025-06-15 20:22:44", "elapsed": 0.040115, "delta": 0.016105}}
{"target": 0.9194915254237288, "params": {"n_neighbors": 6.744318880004956}, "datetime": {"datetime": "2025-06-15 20:22:44", "elapsed": 0.058133, "delta": 0.018018}}
{"target": 0.9449152542372882, "params": {"n_neighbors": 3.7883619255251477}, "datetime": {"datetime": "2025-06-15 20:22:44", "elapsed": 0.075219, "delta": 0.017086}}
{"target": 0.8898305084745762, "params": {"n_neighbors": 20.0}, "datetime": {"datetime": "2025-06-15 20:22:44", "elapsed": 0.125814, "delta": 0.050595}}
{"target": 0.940677966101695, "params": {"n_neighbors": 2.1578915229515445}, "datetime": {"datetime": "2025-06-15 20:22:44", "elapsed": 0.190834, "delta": 0.06502}}
{"target": 0.9152542372881356, "params": {"n_neighbors": 11.818663665615702}, "datetime": {"datetime": "2025-06-15 20:22:44", "elapsed": 0.251874, "delta": 0.06104}}
{"target": 0.9491525423728814, "params": {"n_neighbors": 1.0013733919559231}, "datetime": {"datetime": "2025-06-15 20:22:44", "elapsed": 0.309698, "delta": 0.057824}}
{"target": 0.9491525423728814, "params": {"n_neighbors": 1.00020495119658}, "datetime": {"datetime": "2025-06-15 20:22:44", "elapsed": 0.43563, "delta": 0.125932}}
{"target": 0.9491525423728814, "params": {"n_neighbors": 1.0000078719129228}, "datetime": {"datetime": "2025-06-15 20:22:44", "elapsed": 0.576451, "delta": 0.140821}}
{"target": 0.9491525423728814, "params": {"n_neighbors": 1.0000007738422754}, "datetime": {"datetime": "2025-06-15 20:22:44", "elapsed": 0.69443, "delta": 0.117979}}
{"target": 0.9491525423728814, "params": {"n_neighbors": 1.001393389014835}, "datetime": {"datetime": "2025-06-15 20:22:44", "elapsed": 0.837997, "delta": 0.143567}}
{"target": 0.9491525423728814, "params": {"n_neighbors": 1.002877474265413}, "datetime": {"datetime": "2025-06-15 20:22:45", "elapsed": 0.964608, "delta": 0.126611}}
{"target": 0.9491525423728814, "params": {"n_neighbors": 1.000283936043969}, "datetime": {"datetime": "2025-06-15 20:22:45", "elapsed": 1.097897, "delta": 0.133289}}
{"target": 0.9491525423728814, "params": {"n_neighbors": 1.0007043607695667}, "datetime": {"datetime": "2025-06-15 20:22:45", "elapsed": 1.254629, "delta": 0.156732}}
{"target": 0.9491525423728814, "params": {"n_neighbors": 1.0013336498906895}, "datetime": {"datetime": "2025-06-15 20:22:45", "elapsed": 1.418184, "delta": 0.163555}}
{"target": 0.9491525423728814, "params": {"n_neighbors": 1.0000013947483517}, "datetime": {"datetime": "2025-06-15 20:22:45", "elapsed": 1.556758, "delta": 0.138574}}
{"target": 0.9491525423728814, "params": {"n_neighbors": 1.0024713712985447}, "datetime": {"datetime": "2025-06-15 20:22:45", "elapsed": 1.724655, "delta": 0.167897}}
{"target": 0.9491525423728814, "params": {"n_neighbors": 1.0}, "datetime": {"datetime": "2025-06-15 20:22:46", "elapsed": 1.853551, "delta": 0.128896}}
