{"target": 0.9788135593220338, "params": {"max_depth": 8.923418089348907, "n_estimators": 146.86165375401004}, "datetime": {"datetime": "2025-06-15 20:22:38", "elapsed": 0.0, "delta": 0.0}}
{"target": 0.9491525423728814, "params": {"max_depth": 1.0021731215295528, "n_estimators": 67.44318880004955}, "datetime": {"datetime": "2025-06-15 20:22:38", "elapsed": 0.088584, "delta": 0.088584}}
{"target": 0.9745762711864406, "params": {"max_depth": 3.7883619255251477, "n_estimators": 27.544333006071582}, "datetime": {"datetime": "2025-06-15 20:22:38", "elapsed": 0.154865, "delta": 0.066281}}
{"target": 0.9745762711864406, "params": {"max_depth": 4.538944016175748, "n_estimators": 75.65653813817907}, "datetime": {"datetime": "2025-06-15 20:22:39", "elapsed": 0.354092, "delta": 0.199227}}
{"target": 0.9788135593220338, "params": {"max_depth": 8.53858201038273, "n_estimators": 112.37517946063782}, "datetime": {"datetime": "2025-06-15 20:22:39", "elapsed": 0.697719, "delta": 0.343627}}
{"target": 0.9788135593220338, "params": {"max_depth": 19.86634113498171, "n_estimators": 199.73821995172054}, "datetime": {"datetime": "2025-06-15 20:22:40", "elapsed": 1.417065, "delta": 0.719346}}
{"target": 0.9830508474576272, "params": {"max_depth": 20.0, "n_estimators": 10.000000000662125}, "datetime": {"datetime": "2025-06-15 20:22:40", "elapsed": 1.515629, "delta": 0.098564}}
{"target": 0.9661016949152542, "params": {"max_depth": 3.8368275503008618, "n_estimators": 129.4742351605249}, "datetime": {"datetime": "2025-06-15 20:22:40", "elapsed": 1.825917, "delta": 0.310288}}
{"target": 0.9449152542372882, "params": {"max_depth": 1.0, "n_estimators": 200.0}, "datetime": {"datetime": "2025-06-15 20:22:40", "elapsed": 2.135355, "delta": 0.309438}}
{"target": 0.9788135593220338, "params": {"max_depth": 8.516920831035467, "n_estimators": 40.67705265237788}, "datetime": {"datetime": "2025-06-15 20:22:41", "elapsed": 2.265569, "delta": 0.130214}}
{"target": 0.9788135593220338, "params": {"max_depth": 17.866243590073665, "n_estimators": 94.96804742646447}, "datetime": {"datetime": "2025-06-15 20:22:41", "elapsed": 2.550043, "delta": 0.284474}}
{"target": 0.9788135593220338, "params": {"max_depth": 19.81289091418964, "n_estimators": 175.20679729956586}, "datetime": {"datetime": "2025-06-15 20:22:41", "elapsed": 3.098592, "delta": 0.548549}}
{"target": 0.9788135593220338, "params": {"max_depth": 19.911700325904203, "n_estimators": 11.56708050512664}, "datetime": {"datetime": "2025-06-15 20:22:41", "elapsed": 3.148698, "delta": 0.050106}}
{"target": 0.9533898305084746, "params": {"max_depth": 2.617969297692495, "n_estimators": 10.015833120682112}, "datetime": {"datetime": "2025-06-15 20:22:42", "elapsed": 3.270912, "delta": 0.122214}}
{"target": 0.9788135593220338, "params": {"max_depth": 19.871922154045826, "n_estimators": 138.22555015849676}, "datetime": {"datetime": "2025-06-15 20:22:42", "elapsed": 3.733089, "delta": 0.462177}}
{"target": 0.9788135593220338, "params": {"max_depth": 19.934493732242135, "n_estimators": 65.18725528560472}, "datetime": {"datetime": "2025-06-15 20:22:42", "elapsed": 3.963939, "delta": 0.23085}}
{"target": 0.9491525423728814, "params": {"max_depth": 1.0194222697968054, "n_estimators": 94.98999346465595}, "datetime": {"datetime": "2025-06-15 20:22:42", "elapsed": 4.159379, "delta": 0.19544}}
{"target": 0.940677966101695, "params": {"max_depth": 1.0608428593177166, "n_estimators": 173.0937304416607}, "datetime": {"datetime": "2025-06-15 20:22:43", "elapsed": 4.472915, "delta": 0.313536}}
{"target": 0.9788135593220338, "params": {"max_depth": 19.953711574445716, "n_estimators": 157.11800226891523}, "datetime": {"datetime": "2025-06-15 20:22:43", "elapsed": 5.025992, "delta": 0.553077}}
{"target": 0.9788135593220338, "params": {"max_depth": 14.397057948001628, "n_estimators": 78.67730331546561}, "datetime": {"datetime": "2025-06-15 20:22:44", "elapsed": 5.356539, "delta": 0.330547}}
